This is pdfTeX, Version 3.14159265-2.6-1.40.15 (TeX Live 2014/MacPorts 2014_5) (preloaded format=pdflatex 2015.1.22)  24 JAN 2015 03:49
entering extended mode
 restricted \write18 enabled.
 %&-line parsing enabled.
**LateXTRM-en.tex
(./LateXTRM-en.tex
LaTeX2e <2014/05/01>
Babel <3.9k> and hyphenation patterns for 46 languages loaded.
(/opt/local/share/texmf-texlive/tex/latex/base/article.cls
Document Class: article 2007/10/19 v1.4h Standard LaTeX document class
(/opt/local/share/texmf-texlive/tex/latex/base/size12.clo
File: size12.clo 2007/10/19 v1.4h Standard LaTeX file (size option)
)
\c@part=\count79
\c@section=\count80
\c@subsection=\count81
\c@subsubsection=\count82
\c@paragraph=\count83
\c@subparagraph=\count84
\c@figure=\count85
\c@table=\count86
\abovecaptionskip=\skip41
\belowcaptionskip=\skip42
\bibindent=\dimen102
)
(/opt/local/share/texmf-texlive/tex/latex/tools/longtable.sty
Package: longtable 2004/02/01 v4.11 Multi-page Table package (DPC)
\LTleft=\skip43
\LTright=\skip44
\LTpre=\skip45
\LTpost=\skip46
\LTchunksize=\count87
\LTcapwidth=\dimen103
\LT@head=\box26
\LT@firsthead=\box27
\LT@foot=\box28
\LT@lastfoot=\box29
\LT@cols=\count88
\LT@rows=\count89
\c@LT@tables=\count90
\c@LT@chunks=\count91
\LT@p@ftn=\toks14
)
(/opt/local/share/texmf-texlive/tex/latex/geometry/geometry.sty
Package: geometry 2010/09/12 v5.6 Page Geometry

(/opt/local/share/texmf-texlive/tex/latex/graphics/keyval.sty
Package: keyval 2014/05/08 v1.15 key=value parser (DPC)
\KV@toks@=\toks15
)
(/opt/local/share/texmf-texlive/tex/generic/oberdiek/ifpdf.sty
Package: ifpdf 2011/01/30 v2.3 Provides the ifpdf switch (HO)
Package ifpdf Info: pdfTeX in PDF mode is detected.
)
(/opt/local/share/texmf-texlive/tex/generic/oberdiek/ifvtex.sty
Package: ifvtex 2010/03/01 v1.5 Detect VTeX and its facilities (HO)
Package ifvtex Info: VTeX not detected.
)
(/opt/local/share/texmf-texlive/tex/generic/ifxetex/ifxetex.sty
Package: ifxetex 2010/09/12 v0.6 Provides ifxetex conditional
)
\Gm@cnth=\count92
\Gm@cntv=\count93
\c@Gm@tempcnt=\count94
\Gm@bindingoffset=\dimen104
\Gm@wd@mp=\dimen105
\Gm@odd@mp=\dimen106
\Gm@even@mp=\dimen107
\Gm@layoutwidth=\dimen108
\Gm@layoutheight=\dimen109
\Gm@layouthoffset=\dimen110
\Gm@layoutvoffset=\dimen111
\Gm@dimlist=\toks16
)
(/opt/local/share/texmf-texlive/tex/generic/babel/babel.sty
Package: babel 2014/03/24 3.9k The Babel package

(/opt/local/share/texmf-texlive/tex/generic/babel-english/english.ldf
Language: english 2012/08/20 v3.3p English support from the babel system

(/opt/local/share/texmf-texlive/tex/generic/babel/babel.def
File: babel.def 2014/03/24 3.9k Babel common definitions
\babel@savecnt=\count95
\U@D=\dimen112
)
\l@canadian = a dialect from \language\l@american 
\l@australian = a dialect from \language\l@british 
\l@newzealand = a dialect from \language\l@british 
))
(/opt/local/share/texmf-texlive/tex/latex/base/inputenc.sty
Package: inputenc 2014/04/30 v1.2b Input encoding file
\inpenc@prehook=\toks17
\inpenc@posthook=\toks18

(/opt/local/share/texmf-texlive/tex/latex/base/utf8.def
File: utf8.def 2008/04/05 v1.1m UTF-8 support for inputenc
Now handling font encoding OML ...
... no UTF-8 mapping file for font encoding OML
Now handling font encoding T1 ...
... processing UTF-8 mapping file for font encoding T1

(/opt/local/share/texmf-texlive/tex/latex/base/t1enc.dfu
File: t1enc.dfu 2008/04/05 v1.1m UTF-8 support for inputenc
   defining Unicode char U+00A1 (decimal 161)
   defining Unicode char U+00A3 (decimal 163)
   defining Unicode char U+00AB (decimal 171)
   defining Unicode char U+00BB (decimal 187)
   defining Unicode char U+00BF (decimal 191)
   defining Unicode char U+00C0 (decimal 192)
   defining Unicode char U+00C1 (decimal 193)
   defining Unicode char U+00C2 (decimal 194)
   defining Unicode char U+00C3 (decimal 195)
   defining Unicode char U+00C4 (decimal 196)
   defining Unicode char U+00C5 (decimal 197)
   defining Unicode char U+00C6 (decimal 198)
   defining Unicode char U+00C7 (decimal 199)
   defining Unicode char U+00C8 (decimal 200)
   defining Unicode char U+00C9 (decimal 201)
   defining Unicode char U+00CA (decimal 202)
   defining Unicode char U+00CB (decimal 203)
   defining Unicode char U+00CC (decimal 204)
   defining Unicode char U+00CD (decimal 205)
   defining Unicode char U+00CE (decimal 206)
   defining Unicode char U+00CF (decimal 207)
   defining Unicode char U+00D0 (decimal 208)
   defining Unicode char U+00D1 (decimal 209)
   defining Unicode char U+00D2 (decimal 210)
   defining Unicode char U+00D3 (decimal 211)
   defining Unicode char U+00D4 (decimal 212)
   defining Unicode char U+00D5 (decimal 213)
   defining Unicode char U+00D6 (decimal 214)
   defining Unicode char U+00D8 (decimal 216)
   defining Unicode char U+00D9 (decimal 217)
   defining Unicode char U+00DA (decimal 218)
   defining Unicode char U+00DB (decimal 219)
   defining Unicode char U+00DC (decimal 220)
   defining Unicode char U+00DD (decimal 221)
   defining Unicode char U+00DE (decimal 222)
   defining Unicode char U+00DF (decimal 223)
   defining Unicode char U+00E0 (decimal 224)
   defining Unicode char U+00E1 (decimal 225)
   defining Unicode char U+00E2 (decimal 226)
   defining Unicode char U+00E3 (decimal 227)
   defining Unicode char U+00E4 (decimal 228)
   defining Unicode char U+00E5 (decimal 229)
   defining Unicode char U+00E6 (decimal 230)
   defining Unicode char U+00E7 (decimal 231)
   defining Unicode char U+00E8 (decimal 232)
   defining Unicode char U+00E9 (decimal 233)
   defining Unicode char U+00EA (decimal 234)
   defining Unicode char U+00EB (decimal 235)
   defining Unicode char U+00EC (decimal 236)
   defining Unicode char U+00ED (decimal 237)
   defining Unicode char U+00EE (decimal 238)
   defining Unicode char U+00EF (decimal 239)
   defining Unicode char U+00F0 (decimal 240)
   defining Unicode char U+00F1 (decimal 241)
   defining Unicode char U+00F2 (decimal 242)
   defining Unicode char U+00F3 (decimal 243)
   defining Unicode char U+00F4 (decimal 244)
   defining Unicode char U+00F5 (decimal 245)
   defining Unicode char U+00F6 (decimal 246)
   defining Unicode char U+00F8 (decimal 248)
   defining Unicode char U+00F9 (decimal 249)
   defining Unicode char U+00FA (decimal 250)
   defining Unicode char U+00FB (decimal 251)
   defining Unicode char U+00FC (decimal 252)
   defining Unicode char U+00FD (decimal 253)
   defining Unicode char U+00FE (decimal 254)
   defining Unicode char U+00FF (decimal 255)
   defining Unicode char U+0102 (decimal 258)
   defining Unicode char U+0103 (decimal 259)
   defining Unicode char U+0104 (decimal 260)
   defining Unicode char U+0105 (decimal 261)
   defining Unicode char U+0106 (decimal 262)
   defining Unicode char U+0107 (decimal 263)
   defining Unicode char U+010C (decimal 268)
   defining Unicode char U+010D (decimal 269)
   defining Unicode char U+010E (decimal 270)
   defining Unicode char U+010F (decimal 271)
   defining Unicode char U+0110 (decimal 272)
   defining Unicode char U+0111 (decimal 273)
   defining Unicode char U+0118 (decimal 280)
   defining Unicode char U+0119 (decimal 281)
   defining Unicode char U+011A (decimal 282)
   defining Unicode char U+011B (decimal 283)
   defining Unicode char U+011E (decimal 286)
   defining Unicode char U+011F (decimal 287)
   defining Unicode char U+0130 (decimal 304)
   defining Unicode char U+0131 (decimal 305)
   defining Unicode char U+0132 (decimal 306)
   defining Unicode char U+0133 (decimal 307)
   defining Unicode char U+0139 (decimal 313)
   defining Unicode char U+013A (decimal 314)
   defining Unicode char U+013D (decimal 317)
   defining Unicode char U+013E (decimal 318)
   defining Unicode char U+0141 (decimal 321)
   defining Unicode char U+0142 (decimal 322)
   defining Unicode char U+0143 (decimal 323)
   defining Unicode char U+0144 (decimal 324)
   defining Unicode char U+0147 (decimal 327)
   defining Unicode char U+0148 (decimal 328)
   defining Unicode char U+014A (decimal 330)
   defining Unicode char U+014B (decimal 331)
   defining Unicode char U+0150 (decimal 336)
   defining Unicode char U+0151 (decimal 337)
   defining Unicode char U+0152 (decimal 338)
   defining Unicode char U+0153 (decimal 339)
   defining Unicode char U+0154 (decimal 340)
   defining Unicode char U+0155 (decimal 341)
   defining Unicode char U+0158 (decimal 344)
   defining Unicode char U+0159 (decimal 345)
   defining Unicode char U+015A (decimal 346)
   defining Unicode char U+015B (decimal 347)
   defining Unicode char U+015E (decimal 350)
   defining Unicode char U+015F (decimal 351)
   defining Unicode char U+0160 (decimal 352)
   defining Unicode char U+0161 (decimal 353)
   defining Unicode char U+0162 (decimal 354)
   defining Unicode char U+0163 (decimal 355)
   defining Unicode char U+0164 (decimal 356)
   defining Unicode char U+0165 (decimal 357)
   defining Unicode char U+016E (decimal 366)
   defining Unicode char U+016F (decimal 367)
   defining Unicode char U+0170 (decimal 368)
   defining Unicode char U+0171 (decimal 369)
   defining Unicode char U+0178 (decimal 376)
   defining Unicode char U+0179 (decimal 377)
   defining Unicode char U+017A (decimal 378)
   defining Unicode char U+017B (decimal 379)
   defining Unicode char U+017C (decimal 380)
   defining Unicode char U+017D (decimal 381)
   defining Unicode char U+017E (decimal 382)
   defining Unicode char U+200C (decimal 8204)
   defining Unicode char U+2013 (decimal 8211)
   defining Unicode char U+2014 (decimal 8212)
   defining Unicode char U+2018 (decimal 8216)
   defining Unicode char U+2019 (decimal 8217)
   defining Unicode char U+201A (decimal 8218)
   defining Unicode char U+201C (decimal 8220)
   defining Unicode char U+201D (decimal 8221)
   defining Unicode char U+201E (decimal 8222)
   defining Unicode char U+2030 (decimal 8240)
   defining Unicode char U+2031 (decimal 8241)
   defining Unicode char U+2039 (decimal 8249)
   defining Unicode char U+203A (decimal 8250)
   defining Unicode char U+2423 (decimal 9251)
)
Now handling font encoding OT1 ...
... processing UTF-8 mapping file for font encoding OT1

(/opt/local/share/texmf-texlive/tex/latex/base/ot1enc.dfu
File: ot1enc.dfu 2008/04/05 v1.1m UTF-8 support for inputenc
   defining Unicode char U+00A1 (decimal 161)
   defining Unicode char U+00A3 (decimal 163)
   defining Unicode char U+00B8 (decimal 184)
   defining Unicode char U+00BF (decimal 191)
   defining Unicode char U+00C5 (decimal 197)
   defining Unicode char U+00C6 (decimal 198)
   defining Unicode char U+00D8 (decimal 216)
   defining Unicode char U+00DF (decimal 223)
   defining Unicode char U+00E6 (decimal 230)
   defining Unicode char U+00EC (decimal 236)
   defining Unicode char U+00ED (decimal 237)
   defining Unicode char U+00EE (decimal 238)
   defining Unicode char U+00EF (decimal 239)
   defining Unicode char U+00F8 (decimal 248)
   defining Unicode char U+0131 (decimal 305)
   defining Unicode char U+0141 (decimal 321)
   defining Unicode char U+0142 (decimal 322)
   defining Unicode char U+0152 (decimal 338)
   defining Unicode char U+0153 (decimal 339)
   defining Unicode char U+2013 (decimal 8211)
   defining Unicode char U+2014 (decimal 8212)
   defining Unicode char U+2018 (decimal 8216)
   defining Unicode char U+2019 (decimal 8217)
   defining Unicode char U+201C (decimal 8220)
   defining Unicode char U+201D (decimal 8221)
)
Now handling font encoding OMS ...
... processing UTF-8 mapping file for font encoding OMS

(/opt/local/share/texmf-texlive/tex/latex/base/omsenc.dfu
File: omsenc.dfu 2008/04/05 v1.1m UTF-8 support for inputenc
   defining Unicode char U+00A7 (decimal 167)
   defining Unicode char U+00B6 (decimal 182)
   defining Unicode char U+00B7 (decimal 183)
   defining Unicode char U+2020 (decimal 8224)
   defining Unicode char U+2021 (decimal 8225)
   defining Unicode char U+2022 (decimal 8226)
)
Now handling font encoding OMX ...
... no UTF-8 mapping file for font encoding OMX
Now handling font encoding U ...
... no UTF-8 mapping file for font encoding U
   defining Unicode char U+00A9 (decimal 169)
   defining Unicode char U+00AA (decimal 170)
   defining Unicode char U+00AE (decimal 174)
   defining Unicode char U+00BA (decimal 186)
   defining Unicode char U+02C6 (decimal 710)
   defining Unicode char U+02DC (decimal 732)
   defining Unicode char U+200C (decimal 8204)
   defining Unicode char U+2026 (decimal 8230)
   defining Unicode char U+2122 (decimal 8482)
   defining Unicode char U+2423 (decimal 9251)
))
(/opt/local/share/texmf-texlive/tex/latex/base/fontenc.sty
Package: fontenc 2005/09/27 v1.99g Standard LaTeX package

(/opt/local/share/texmf-texlive/tex/latex/base/t1enc.def
File: t1enc.def 2005/09/27 v1.99g Standard LaTeX file
LaTeX Font Info:    Redeclaring font encoding T1 on input line 43.
))
(/opt/local/share/texmf-texlive/tex/latex/csquotes/csquotes.sty
Package: csquotes 2011/10/22 v5.1d context-sensitive quotations

(/opt/local/share/texmf-texlive/tex/latex/etoolbox/etoolbox.sty
Package: etoolbox 2011/01/03 v2.1 e-TeX tools for LaTeX

(/opt/local/share/texmf-texlive/tex/latex/etex-pkg/etex.sty
Package: etex 1998/03/26 v2.0 eTeX basic definition package (PEB)
\et@xins=\count96
)
\etb@tempcnta=\count97
)
\csq@reset=\count98
\csq@gtype=\count99
\csq@glevel=\count100
\csq@qlevel=\count101
\csq@maxlvl=\count102
\csq@tshold=\count103
\csq@ltx@everypar=\toks19

(/opt/local/share/texmf-texlive/tex/latex/csquotes/csquotes.def
File: csquotes.def 2011/10/22 v5.1d csquotes generic definitions
)
Package csquotes Info: Trying to load configuration file 'csquotes.cfg'...
Package csquotes Info: ... configuration file loaded successfully.

(/opt/local/share/texmf-texlive/tex/latex/csquotes/csquotes.cfg
File: csquotes.cfg 
)
Package csquotes Info: Option 'babel' depreciated.
(csquotes)             Using 'autostyle'.
Package csquotes Info: Enabling multilingual quotes.
)
(/opt/local/share/texmf-texlive/tex/latex/amsmath/amsmath.sty
Package: amsmath 2013/01/14 v2.14 AMS math features
\@mathmargin=\skip47

For additional information on amsmath, use the `?' option.
(/opt/local/share/texmf-texlive/tex/latex/amsmath/amstext.sty
Package: amstext 2000/06/29 v2.01

(/opt/local/share/texmf-texlive/tex/latex/amsmath/amsgen.sty
File: amsgen.sty 1999/11/30 v2.0
\@emptytoks=\toks20
\ex@=\dimen113
))
(/opt/local/share/texmf-texlive/tex/latex/amsmath/amsbsy.sty
Package: amsbsy 1999/11/29 v1.2d
\pmbraise@=\dimen114
)
(/opt/local/share/texmf-texlive/tex/latex/amsmath/amsopn.sty
Package: amsopn 1999/12/14 v2.01 operator names
)
\inf@bad=\count104
LaTeX Info: Redefining \frac on input line 210.
\uproot@=\count105
\leftroot@=\count106
LaTeX Info: Redefining \overline on input line 306.
\classnum@=\count107
\DOTSCASE@=\count108
LaTeX Info: Redefining \ldots on input line 378.
LaTeX Info: Redefining \dots on input line 381.
LaTeX Info: Redefining \cdots on input line 466.
\Mathstrutbox@=\box30
\strutbox@=\box31
\big@size=\dimen115
LaTeX Font Info:    Redeclaring font encoding OML on input line 566.
LaTeX Font Info:    Redeclaring font encoding OMS on input line 567.
\macc@depth=\count109
\c@MaxMatrixCols=\count110
\dotsspace@=\muskip10
\c@parentequation=\count111
\dspbrk@lvl=\count112
\tag@help=\toks21
\row@=\count113
\column@=\count114
\maxfields@=\count115
\andhelp@=\toks22
\eqnshift@=\dimen116
\alignsep@=\dimen117
\tagshift@=\dimen118
\tagwidth@=\dimen119
\totwidth@=\dimen120
\lineht@=\dimen121
\@envbody=\toks23
\multlinegap=\skip48
\multlinetaggap=\skip49
\mathdisplay@stack=\toks24
LaTeX Info: Redefining \[ on input line 2665.
LaTeX Info: Redefining \] on input line 2666.
)
(/opt/local/share/texmf-texlive/tex/latex/amsfonts/amssymb.sty
Package: amssymb 2013/01/14 v3.01 AMS font symbols

(/opt/local/share/texmf-texlive/tex/latex/amsfonts/amsfonts.sty
Package: amsfonts 2013/01/14 v3.01 Basic AMSFonts support
\symAMSa=\mathgroup4
\symAMSb=\mathgroup5
LaTeX Font Info:    Overwriting math alphabet `\mathfrak' in version `bold'
(Font)                  U/euf/m/n --> U/euf/b/n on input line 106.
))
(/opt/local/share/texmf/tex/latex/pgf/frontendlayer/tikz.sty
(/opt/local/share/texmf/tex/latex/pgf/basiclayer/pgf.sty
(/opt/local/share/texmf/tex/latex/pgf/utilities/pgfrcs.sty
(/opt/local/share/texmf/tex/generic/pgf/utilities/pgfutil-common.tex
\pgfutil@everybye=\toks25
\pgfutil@tempdima=\dimen122
\pgfutil@tempdimb=\dimen123

(/opt/local/share/texmf/tex/generic/pgf/utilities/pgfutil-common-lists.tex))
(/opt/local/share/texmf/tex/generic/pgf/utilities/pgfutil-latex.def
\pgfutil@abb=\box32

(/opt/local/share/texmf-texlive/tex/latex/ms/everyshi.sty
Package: everyshi 2001/05/15 v3.00 EveryShipout Package (MS)
))
(/opt/local/share/texmf/tex/generic/pgf/utilities/pgfrcs.code.tex
Package: pgfrcs 2013/12/20 v3.0.0 (rcs-revision 1.28)
))
Package: pgf 2013/12/18 v3.0.0 (rcs-revision 1.14)

(/opt/local/share/texmf/tex/latex/pgf/basiclayer/pgfcore.sty
(/opt/local/share/texmf-texlive/tex/latex/graphics/graphicx.sty
Package: graphicx 2014/04/25 v1.0g Enhanced LaTeX Graphics (DPC,SPQR)

(/opt/local/share/texmf-texlive/tex/latex/graphics/graphics.sty
Package: graphics 2009/02/05 v1.0o Standard LaTeX Graphics (DPC,SPQR)

(/opt/local/share/texmf-texlive/tex/latex/graphics/trig.sty
Package: trig 1999/03/16 v1.09 sin cos tan (DPC)
)
(/opt/local/share/texmf-texlive/tex/latex/latexconfig/graphics.cfg
File: graphics.cfg 2010/04/23 v1.9 graphics configuration of TeX Live
)
Package graphics Info: Driver file: pdftex.def on input line 91.

(/opt/local/share/texmf-texlive/tex/latex/pdftex-def/pdftex.def
File: pdftex.def 2011/05/27 v0.06d Graphics/color for pdfTeX

(/opt/local/share/texmf-texlive/tex/generic/oberdiek/infwarerr.sty
Package: infwarerr 2010/04/08 v1.3 Providing info/warning/error messages (HO)
)
(/opt/local/share/texmf-texlive/tex/generic/oberdiek/ltxcmds.sty
Package: ltxcmds 2011/11/09 v1.22 LaTeX kernel commands for general use (HO)
)
\Gread@gobject=\count116
))
\Gin@req@height=\dimen124
\Gin@req@width=\dimen125
)
(/opt/local/share/texmf/tex/latex/pgf/systemlayer/pgfsys.sty
(/opt/local/share/texmf/tex/generic/pgf/systemlayer/pgfsys.code.tex
Package: pgfsys 2013/11/30 v3.0.0 (rcs-revision 1.47)

(/opt/local/share/texmf/tex/generic/pgf/utilities/pgfkeys.code.tex
\pgfkeys@pathtoks=\toks26
\pgfkeys@temptoks=\toks27

(/opt/local/share/texmf/tex/generic/pgf/utilities/pgfkeysfiltered.code.tex
\pgfkeys@tmptoks=\toks28
))
\pgf@x=\dimen126
\pgf@y=\dimen127
\pgf@xa=\dimen128
\pgf@ya=\dimen129
\pgf@xb=\dimen130
\pgf@yb=\dimen131
\pgf@xc=\dimen132
\pgf@yc=\dimen133
\w@pgf@writea=\write3
\r@pgf@reada=\read1
\c@pgf@counta=\count117
\c@pgf@countb=\count118
\c@pgf@countc=\count119
\c@pgf@countd=\count120
\t@pgf@toka=\toks29
\t@pgf@tokb=\toks30
\t@pgf@tokc=\toks31

(/opt/local/share/texmf/tex/generic/pgf/systemlayer/pgf.cfg
File: pgf.cfg 2008/05/14  (rcs-revision 1.7)
)
Driver file for pgf: pgfsys-pdftex.def

(/opt/local/share/texmf/tex/generic/pgf/systemlayer/pgfsys-pdftex.def
File: pgfsys-pdftex.def 2013/07/18  (rcs-revision 1.33)

(/opt/local/share/texmf/tex/generic/pgf/systemlayer/pgfsys-common-pdf.def
File: pgfsys-common-pdf.def 2013/10/10  (rcs-revision 1.13)
)))
(/opt/local/share/texmf/tex/generic/pgf/systemlayer/pgfsyssoftpath.code.tex
File: pgfsyssoftpath.code.tex 2013/09/09  (rcs-revision 1.9)
\pgfsyssoftpath@smallbuffer@items=\count121
\pgfsyssoftpath@bigbuffer@items=\count122
)
(/opt/local/share/texmf/tex/generic/pgf/systemlayer/pgfsysprotocol.code.tex
File: pgfsysprotocol.code.tex 2006/10/16  (rcs-revision 1.4)
))
(/opt/local/share/texmf-texlive/tex/latex/xcolor/xcolor.sty
Package: xcolor 2007/01/21 v2.11 LaTeX color extensions (UK)

(/opt/local/share/texmf-texlive/tex/latex/latexconfig/color.cfg
File: color.cfg 2007/01/18 v1.5 color configuration of teTeX/TeXLive
)
Package xcolor Info: Driver file: pdftex.def on input line 225.
Package xcolor Info: Model `cmy' substituted by `cmy0' on input line 1337.
Package xcolor Info: Model `hsb' substituted by `rgb' on input line 1341.
Package xcolor Info: Model `RGB' extended on input line 1353.
Package xcolor Info: Model `HTML' substituted by `rgb' on input line 1355.
Package xcolor Info: Model `Hsb' substituted by `hsb' on input line 1356.
Package xcolor Info: Model `tHsb' substituted by `hsb' on input line 1357.
Package xcolor Info: Model `HSB' substituted by `hsb' on input line 1358.
Package xcolor Info: Model `Gray' substituted by `gray' on input line 1359.
Package xcolor Info: Model `wave' substituted by `hsb' on input line 1360.
)
(/opt/local/share/texmf/tex/generic/pgf/basiclayer/pgfcore.code.tex
Package: pgfcore 2010/04/11 v3.0.0 (rcs-revision 1.7)

(/opt/local/share/texmf/tex/generic/pgf/math/pgfmath.code.tex
(/opt/local/share/texmf/tex/generic/pgf/math/pgfmathcalc.code.tex
(/opt/local/share/texmf/tex/generic/pgf/math/pgfmathutil.code.tex)
(/opt/local/share/texmf/tex/generic/pgf/math/pgfmathparser.code.tex
\pgfmath@dimen=\dimen134
\pgfmath@count=\count123
\pgfmath@box=\box33
\pgfmath@toks=\toks32
\pgfmath@stack@operand=\toks33
\pgfmath@stack@operation=\toks34
)
(/opt/local/share/texmf/tex/generic/pgf/math/pgfmathfunctions.code.tex
(/opt/local/share/texmf/tex/generic/pgf/math/pgfmathfunctions.basic.code.tex)
(/opt/local/share/texmf/tex/generic/pgf/math/pgfmathfunctions.trigonometric.cod
e.tex)
(/opt/local/share/texmf/tex/generic/pgf/math/pgfmathfunctions.random.code.tex)
(/opt/local/share/texmf/tex/generic/pgf/math/pgfmathfunctions.comparison.code.t
ex) (/opt/local/share/texmf/tex/generic/pgf/math/pgfmathfunctions.base.code.tex
) (/opt/local/share/texmf/tex/generic/pgf/math/pgfmathfunctions.round.code.tex)
(/opt/local/share/texmf/tex/generic/pgf/math/pgfmathfunctions.misc.code.tex)
(/opt/local/share/texmf/tex/generic/pgf/math/pgfmathfunctions.integerarithmetic
s.code.tex)))
(/opt/local/share/texmf/tex/generic/pgf/math/pgfmathfloat.code.tex
\c@pgfmathroundto@lastzeros=\count124
))
(/opt/local/share/texmf/tex/generic/pgf/basiclayer/pgfcorepoints.code.tex
File: pgfcorepoints.code.tex 2013/10/07  (rcs-revision 1.27)
\pgf@picminx=\dimen135
\pgf@picmaxx=\dimen136
\pgf@picminy=\dimen137
\pgf@picmaxy=\dimen138
\pgf@pathminx=\dimen139
\pgf@pathmaxx=\dimen140
\pgf@pathminy=\dimen141
\pgf@pathmaxy=\dimen142
\pgf@xx=\dimen143
\pgf@xy=\dimen144
\pgf@yx=\dimen145
\pgf@yy=\dimen146
\pgf@zx=\dimen147
\pgf@zy=\dimen148
)
(/opt/local/share/texmf/tex/generic/pgf/basiclayer/pgfcorepathconstruct.code.te
x
File: pgfcorepathconstruct.code.tex 2013/10/07  (rcs-revision 1.29)
\pgf@path@lastx=\dimen149
\pgf@path@lasty=\dimen150
) (/opt/local/share/texmf/tex/generic/pgf/basiclayer/pgfcorepathusage.code.tex
File: pgfcorepathusage.code.tex 2013/12/13  (rcs-revision 1.23)
\pgf@shorten@end@additional=\dimen151
\pgf@shorten@start@additional=\dimen152
) (/opt/local/share/texmf/tex/generic/pgf/basiclayer/pgfcorescopes.code.tex
File: pgfcorescopes.code.tex 2013/10/09  (rcs-revision 1.44)
\pgfpic=\box34
\pgf@hbox=\box35
\pgf@layerbox@main=\box36
\pgf@picture@serial@count=\count125
)
(/opt/local/share/texmf/tex/generic/pgf/basiclayer/pgfcoregraphicstate.code.tex
File: pgfcoregraphicstate.code.tex 2013/09/19  (rcs-revision 1.11)
\pgflinewidth=\dimen153
)
(/opt/local/share/texmf/tex/generic/pgf/basiclayer/pgfcoretransformations.code.
tex
File: pgfcoretransformations.code.tex 2013/10/10  (rcs-revision 1.17)
\pgf@pt@x=\dimen154
\pgf@pt@y=\dimen155
\pgf@pt@temp=\dimen156
) (/opt/local/share/texmf/tex/generic/pgf/basiclayer/pgfcorequick.code.tex
File: pgfcorequick.code.tex 2008/10/09  (rcs-revision 1.3)
)
(/opt/local/share/texmf/tex/generic/pgf/basiclayer/pgfcoreobjects.code.tex
File: pgfcoreobjects.code.tex 2006/10/11  (rcs-revision 1.2)
)
(/opt/local/share/texmf/tex/generic/pgf/basiclayer/pgfcorepathprocessing.code.t
ex
File: pgfcorepathprocessing.code.tex 2013/09/09  (rcs-revision 1.9)
) (/opt/local/share/texmf/tex/generic/pgf/basiclayer/pgfcorearrows.code.tex
File: pgfcorearrows.code.tex 2013/11/07  (rcs-revision 1.40)
\pgfarrowsep=\dimen157
)
(/opt/local/share/texmf/tex/generic/pgf/basiclayer/pgfcoreshade.code.tex
File: pgfcoreshade.code.tex 2013/07/15  (rcs-revision 1.15)
\pgf@max=\dimen158
\pgf@sys@shading@range@num=\count126
)
(/opt/local/share/texmf/tex/generic/pgf/basiclayer/pgfcoreimage.code.tex
File: pgfcoreimage.code.tex 2013/07/15  (rcs-revision 1.18)

(/opt/local/share/texmf/tex/generic/pgf/basiclayer/pgfcoreexternal.code.tex
File: pgfcoreexternal.code.tex 2013/07/15  (rcs-revision 1.20)
\pgfexternal@startupbox=\box37
))
(/opt/local/share/texmf/tex/generic/pgf/basiclayer/pgfcorelayers.code.tex
File: pgfcorelayers.code.tex 2013/07/18  (rcs-revision 1.7)
)
(/opt/local/share/texmf/tex/generic/pgf/basiclayer/pgfcoretransparency.code.tex
File: pgfcoretransparency.code.tex 2013/09/30  (rcs-revision 1.5)
) (/opt/local/share/texmf/tex/generic/pgf/basiclayer/pgfcorepatterns.code.tex
File: pgfcorepatterns.code.tex 2013/11/07  (rcs-revision 1.5)
))) (/opt/local/share/texmf/tex/generic/pgf/modules/pgfmoduleshapes.code.tex
File: pgfmoduleshapes.code.tex 2013/10/31  (rcs-revision 1.34)
\pgfnodeparttextbox=\box38
)
(/opt/local/share/texmf/tex/generic/pgf/modules/pgfmoduleplot.code.tex
File: pgfmoduleplot.code.tex 2013/07/31  (rcs-revision 1.12)
)
(/opt/local/share/texmf/tex/latex/pgf/compatibility/pgfcomp-version-0-65.sty
Package: pgfcomp-version-0-65 2007/07/03 v3.0.0 (rcs-revision 1.7)
\pgf@nodesepstart=\dimen159
\pgf@nodesepend=\dimen160
)
(/opt/local/share/texmf/tex/latex/pgf/compatibility/pgfcomp-version-1-18.sty
Package: pgfcomp-version-1-18 2007/07/23 v3.0.0 (rcs-revision 1.1)
))
(/opt/local/share/texmf/tex/latex/pgf/utilities/pgffor.sty
(/opt/local/share/texmf/tex/latex/pgf/utilities/pgfkeys.sty
(/opt/local/share/texmf/tex/generic/pgf/utilities/pgfkeys.code.tex))
(/opt/local/share/texmf/tex/latex/pgf/math/pgfmath.sty
(/opt/local/share/texmf/tex/generic/pgf/math/pgfmath.code.tex))
(/opt/local/share/texmf/tex/generic/pgf/utilities/pgffor.code.tex
Package: pgffor 2013/12/13 v3.0.0 (rcs-revision 1.25)

(/opt/local/share/texmf/tex/generic/pgf/math/pgfmath.code.tex)
\pgffor@iter=\dimen161
\pgffor@skip=\dimen162
\pgffor@stack=\toks35
\pgffor@toks=\toks36
))
(/opt/local/share/texmf/tex/generic/pgf/frontendlayer/tikz/tikz.code.tex
Package: tikz 2013/12/13 v3.0.0 (rcs-revision 1.142)

(/opt/local/share/texmf/tex/generic/pgf/libraries/pgflibraryplothandlers.code.t
ex
File: pgflibraryplothandlers.code.tex 2013/08/31 v3.0.0 (rcs-revision 1.20)
\pgf@plot@mark@count=\count127
\pgfplotmarksize=\dimen163
)
\tikz@lastx=\dimen164
\tikz@lasty=\dimen165
\tikz@lastxsaved=\dimen166
\tikz@lastysaved=\dimen167
\tikzleveldistance=\dimen168
\tikzsiblingdistance=\dimen169
\tikz@figbox=\box39
\tikz@figbox@bg=\box40
\tikz@tempbox=\box41
\tikz@tempbox@bg=\box42
\tikztreelevel=\count128
\tikznumberofchildren=\count129
\tikznumberofcurrentchild=\count130
\tikz@fig@count=\count131
 (/opt/local/share/texmf/tex/generic/pgf/modules/pgfmodulematrix.code.tex
File: pgfmodulematrix.code.tex 2013/09/17  (rcs-revision 1.8)
\pgfmatrixcurrentrow=\count132
\pgfmatrixcurrentcolumn=\count133
\pgf@matrix@numberofcolumns=\count134
)
\tikz@expandcount=\count135

(/opt/local/share/texmf/tex/generic/pgf/frontendlayer/tikz/libraries/tikzlibrar
ytopaths.code.tex
File: tikzlibrarytopaths.code.tex 2008/06/17 v3.0.0 (rcs-revision 1.2)
)))
(/opt/local/share/texmf-texlive/tex/latex/pgfplots/pgfplots.sty
(/opt/local/share/texmf-texlive/tex/generic/pgfplots/pgfplots.revision.tex)
Package: pgfplots 2014/02/28 v1.10 Data Visualization (1.10-2-gb39fe75)

(/opt/local/share/texmf-texlive/tex/generic/pgfplots/pgfplots.code.tex
(/opt/local/share/texmf-texlive/tex/generic/pgfplots/pgfplotscore.code.tex
\t@pgfplots@toka=\toks37
\t@pgfplots@tokb=\toks38
\t@pgfplots@tokc=\toks39
\pgfplots@tmpa=\dimen170
\c@pgfplots@coordindex=\count136
\c@pgfplots@scanlineindex=\count137

(/opt/local/share/texmf-texlive/tex/generic/pgfplots/sys/pgfplotssysgeneric.cod
e.tex))
(/opt/local/share/texmf-texlive/tex/generic/pgfplots/libs/pgfplotslibrary.code.
tex)
(/opt/local/share/texmf-texlive/tex/generic/pgfplots/oldpgfcompatib/pgfplotsold
pgfsupp_loader.code.tex
(/opt/local/share/texmf/tex/generic/pgf/libraries/pgflibraryfpu.code.tex))
(/opt/local/share/texmf-texlive/tex/generic/pgfplots/util/pgfplotsutil.code.tex

(/opt/local/share/texmf-texlive/tex/generic/pgfplots/liststructure/pgfplotslist
structure.code.tex)
(/opt/local/share/texmf-texlive/tex/generic/pgfplots/liststructure/pgfplotslist
structureext.code.tex)
(/opt/local/share/texmf-texlive/tex/generic/pgfplots/liststructure/pgfplotsarra
y.code.tex
\c@pgfplotsarray@tmp=\count138
)
(/opt/local/share/texmf-texlive/tex/generic/pgfplots/liststructure/pgfplotsmatr
ix.code.tex)
(/opt/local/share/texmf-texlive/tex/generic/pgfplots/numtable/pgfplotstableshar
ed.code.tex
\c@pgfplotstable@counta=\count139
\t@pgfplotstable@a=\toks40
)
(/opt/local/share/texmf-texlive/tex/generic/pgfplots/liststructure/pgfplotsdequ
e.code.tex)
(/opt/local/share/texmf-texlive/tex/generic/pgfplots/util/pgfplotsbinary.code.t
ex
(/opt/local/share/texmf-texlive/tex/generic/pgfplots/util/pgfplotsbinary.data.c
ode.tex))
(/opt/local/share/texmf-texlive/tex/generic/pgfplots/util/pgfplotsutil.verb.cod
e.tex)
(/opt/local/share/texmf-texlive/tex/generic/pgfplots/libs/pgflibrarypgfplots.su
rfshading.code.tex
\c@pgfplotslibrarysurf@no=\count140

(/opt/local/share/texmf-texlive/tex/generic/pgfplots/sys/pgflibrarypgfplots.sur
fshading.pgfsys-pdftex.def)))
(/opt/local/share/texmf-texlive/tex/generic/pgfplots/util/pgfplotscolormap.code
.tex
(/opt/local/share/texmf-texlive/tex/generic/pgfplots/util/pgfplotscolor.code.te
x))
(/opt/local/share/texmf-texlive/tex/generic/pgfplots/pgfplotsstackedplots.code.
tex)
(/opt/local/share/texmf-texlive/tex/generic/pgfplots/pgfplotsplothandlers.code.
tex
(/opt/local/share/texmf-texlive/tex/generic/pgfplots/pgfplotsmeshplothandler.co
de.tex))
(/opt/local/share/texmf-texlive/tex/generic/pgfplots/pgfplots.scaling.code.tex)

(/opt/local/share/texmf-texlive/tex/generic/pgfplots/pgfplotscoordprocessing.co
de.tex)
(/opt/local/share/texmf-texlive/tex/generic/pgfplots/pgfplots.errorbars.code.te
x)
(/opt/local/share/texmf-texlive/tex/generic/pgfplots/pgfplots.markers.code.tex)
(/opt/local/share/texmf-texlive/tex/generic/pgfplots/pgfplotsticks.code.tex)
(/opt/local/share/texmf-texlive/tex/generic/pgfplots/pgfplots.paths.code.tex)
(/opt/local/share/texmf/tex/generic/pgf/frontendlayer/tikz/libraries/tikzlibrar
ydecorations.code.tex
(/opt/local/share/texmf/tex/generic/pgf/modules/pgfmoduledecorations.code.tex
\pgfdecoratedcompleteddistance=\dimen171
\pgfdecoratedremainingdistance=\dimen172
\pgfdecoratedinputsegmentcompleteddistance=\dimen173
\pgfdecoratedinputsegmentremainingdistance=\dimen174
\pgf@decorate@distancetomove=\dimen175
\pgf@decorate@repeatstate=\count141
\pgfdecorationsegmentamplitude=\dimen176
\pgfdecorationsegmentlength=\dimen177
)
\tikz@lib@dec@box=\box43
)
(/opt/local/share/texmf/tex/generic/pgf/frontendlayer/tikz/libraries/tikzlibrar
ydecorations.pathmorphing.code.tex
(/opt/local/share/texmf/tex/generic/pgf/libraries/decorations/pgflibrarydecorat
ions.pathmorphing.code.tex))
(/opt/local/share/texmf/tex/generic/pgf/frontendlayer/tikz/libraries/tikzlibrar
ydecorations.pathreplacing.code.tex
(/opt/local/share/texmf/tex/generic/pgf/libraries/decorations/pgflibrarydecorat
ions.pathreplacing.code.tex))
\pgfplots@numplots=\count142
\pgfplots@xmin@reg=\dimen178
\pgfplots@xmax@reg=\dimen179
\pgfplots@ymin@reg=\dimen180
\pgfplots@ymax@reg=\dimen181
\pgfplots@zmin@reg=\dimen182
\pgfplots@zmax@reg=\dimen183
)
(/opt/local/share/texmf/tex/generic/pgf/frontendlayer/tikz/libraries/tikzlibrar
yplotmarks.code.tex
File: tikzlibraryplotmarks.code.tex 2008/01/09 v3.0.0 (rcs-revision 1.1)

(/opt/local/share/texmf/tex/generic/pgf/libraries/pgflibraryplotmarks.code.tex
File: pgflibraryplotmarks.code.tex 2013/07/20 v3.0.0 (rcs-revision 1.13)
))) (/opt/local/share/texmf-texlive/tex/latex/mh/empheq.sty
Package: empheq 2013/02/12 v2.13 Emphasizing equations

(/opt/local/share/texmf-texlive/tex/latex/mh/mhsetup.sty
Package: mhsetup 2010/01/21 v1.2a programming setup (MH)
)
(/opt/local/share/texmf-texlive/tex/latex/mh/mathtools.sty
Package: mathtools 2014/05/21 v1.14 mathematical typesetting tools

(/opt/local/share/texmf-texlive/tex/latex/tools/calc.sty
Package: calc 2007/08/22 v4.3 Infix arithmetic (KKT,FJ)
\calc@Acount=\count143
\calc@Bcount=\count144
\calc@Adimen=\dimen184
\calc@Bdimen=\dimen185
\calc@Askip=\skip50
\calc@Bskip=\skip51
LaTeX Info: Redefining \setlength on input line 75.
LaTeX Info: Redefining \addtolength on input line 76.
\calc@Ccount=\count145
\calc@Cskip=\skip52
)
LaTeX Info: Thecontrolsequence`\['isalreadyrobust on input line 129.
LaTeX Info: Thecontrolsequence`\]'isalreadyrobust on input line 129.
\g_MT_multlinerow_int=\count146
\l_MT_multwidth_dim=\dimen186
\origjot=\skip53
\l_MT_shortvdotswithinadjustabove_dim=\dimen187
\l_MT_shortvdotswithinadjustbelow_dim=\dimen188
\l_MT_above_intertext_sep=\dimen189
\l_MT_below_intertext_sep=\dimen190
\l_MT_above_shortintertext_sep=\dimen191
\l_MT_below_shortintertext_sep=\dimen192
)
\l_EQ_equationtype_int=\count147
\l_EQ_alignmentmode_int=\count148
\l_EQ_totalwidth_dim=\dimen193
\l_EQ_displaywidth_dim=\dimen194
\l_EQ_temp_linewidth_dim=\dimen195
\EmphEqdelimitershortfall=\dimen196
\EmphEqdelimiterfactor=\count149
\g_EQ_toptag_height_dim=\dimen197
\g_EQ_bottomtag_depth_dim=\dimen198
\g_EQ_toprow_height_dim=\dimen199
\g_EQ_bottomrow_depth_dim=\dimen200
\g_EQ_widesttag_dim=\dimen201
\EQ_mathdisplay_box=\box44
\EQ_tag_box=\box45
\g_EQ_temprow_int=\count150
)
Package csquotes Info: Allocating character u8:226:128:156.
Package csquotes Info: Allocating character u8:226:128:157.
Package csquotes Info: Checking for multilingual support...
Package csquotes Info: ... found 'babel' package.
 (./LateXTRM-en.aux)
\openout1 = `LateXTRM-en.aux'.

LaTeX Font Info:    Checking defaults for OML/cmm/m/it on input line 31.
LaTeX Font Info:    ... okay on input line 31.
LaTeX Font Info:    Checking defaults for T1/cmr/m/n on input line 31.
LaTeX Font Info:    ... okay on input line 31.
LaTeX Font Info:    Checking defaults for OT1/cmr/m/n on input line 31.
LaTeX Font Info:    ... okay on input line 31.
LaTeX Font Info:    Checking defaults for OMS/cmsy/m/n on input line 31.
LaTeX Font Info:    ... okay on input line 31.
LaTeX Font Info:    Checking defaults for OMX/cmex/m/n on input line 31.
LaTeX Font Info:    ... okay on input line 31.
LaTeX Font Info:    Checking defaults for U/cmr/m/n on input line 31.
LaTeX Font Info:    ... okay on input line 31.
*geometry* detected driver: dvips
*geometry* verbose mode - [ preamble ] result:
* driver: dvips
* paper: a4paper
* layout: <same size as paper>
* layoutoffset:(h,v)=(0.0pt,0.0pt)
* modes: 
* h-part:(L,W,R)=(108.405pt, 380.69788pt, 108.405pt)
* v-part:(T,H,B)=(108.405pt, 628.23685pt, 108.405pt)
* \paperwidth=597.50787pt
* \paperheight=845.04684pt
* \textwidth=380.69788pt
* \textheight=628.23685pt
* \oddsidemargin=36.13501pt
* \evensidemargin=36.13501pt
* \topmargin=-0.86499pt
* \headheight=12.0pt
* \headsep=25.0pt
* \topskip=12.0pt
* \footskip=30.0pt
* \marginparwidth=35.0pt
* \marginparsep=10.0pt
* \columnsep=10.0pt
* \skip\footins=10.8pt plus 4.0pt minus 2.0pt
* \hoffset=0.0pt
* \voffset=0.0pt
* \mag=1000
* \@twocolumnfalse
* \@twosidefalse
* \@mparswitchfalse
* \@reversemarginfalse
* (1in=72.27pt=25.4mm, 1cm=28.453pt)

Package csquotes Info: Redefining character u8:226:128:156 on input line 31.
Package csquotes Info: Redefining character u8:226:128:157 on input line 31.
ABD: EveryShipout initializing macros
(/opt/local/share/texmf-texlive/tex/context/base/supp-pdf.mkii
[Loading MPS to PDF converter (version 2006.09.02).]
\scratchcounter=\count151
\scratchdimen=\dimen202
\scratchbox=\box46
\nofMPsegments=\count152
\nofMParguments=\count153
\everyMPshowfont=\toks41
\MPscratchCnt=\count154
\MPscratchDim=\dimen203
\MPnumerator=\count155
\makeMPintoPDFobject=\count156
\everyMPtoPDFconversion=\toks42
) (/opt/local/share/texmf-texlive/tex/generic/oberdiek/pdftexcmds.sty
Package: pdftexcmds 2011/11/29 v0.20 Utility functions of pdfTeX for LuaTeX (HO
)

(/opt/local/share/texmf-texlive/tex/generic/oberdiek/ifluatex.sty
Package: ifluatex 2010/03/01 v1.3 Provides the ifluatex switch (HO)
Package ifluatex Info: LuaTeX not detected.
)
Package pdftexcmds Info: LuaTeX not detected.
Package pdftexcmds Info: \pdf@primitive is available.
Package pdftexcmds Info: \pdf@ifprimitive is available.
Package pdftexcmds Info: \pdfdraftmode found.
)
(/opt/local/share/texmf-texlive/tex/latex/oberdiek/epstopdf-base.sty
Package: epstopdf-base 2010/02/09 v2.5 Base part for package epstopdf

(/opt/local/share/texmf-texlive/tex/latex/oberdiek/grfext.sty
Package: grfext 2010/08/19 v1.1 Manage graphics extensions (HO)

(/opt/local/share/texmf-texlive/tex/generic/oberdiek/kvdefinekeys.sty
Package: kvdefinekeys 2011/04/07 v1.3 Define keys (HO)
))
(/opt/local/share/texmf-texlive/tex/latex/oberdiek/kvoptions.sty
Package: kvoptions 2011/06/30 v3.11 Key value format for package options (HO)

(/opt/local/share/texmf-texlive/tex/generic/oberdiek/kvsetkeys.sty
Package: kvsetkeys 2012/04/25 v1.16 Key value parser (HO)

(/opt/local/share/texmf-texlive/tex/generic/oberdiek/etexcmds.sty
Package: etexcmds 2011/02/16 v1.5 Avoid name clashes with e-TeX commands (HO)
Package etexcmds Info: Could not find \expanded.
(etexcmds)             That can mean that you are not using pdfTeX 1.50 or
(etexcmds)             that some package has redefined \expanded.
(etexcmds)             In the latter case, load this package earlier.
)))
Package grfext Info: Graphics extension search list:
(grfext)             [.png,.pdf,.jpg,.mps,.jpeg,.jbig2,.jb2,.PNG,.PDF,.JPG,.JPE
G,.JBIG2,.JB2,.eps]
(grfext)             \AppendGraphicsExtensions on input line 452.

(/opt/local/share/texmf-texlive/tex/latex/latexconfig/epstopdf-sys.cfg
File: epstopdf-sys.cfg 2010/07/13 v1.3 Configuration of (r)epstopdf for TeX Liv
e
))

Package pgfplots Warning: running in backwards compatibility mode (unsuitable t
ick labels; missing features). Consider writing \pgfplotsset{compat=1.10} into 
your preamble.
 on input line 31.

\Hy@linkcounter=\count157
LaTeX Font Info:    Try loading font information for U+msa on input line 32.
(/opt/local/share/texmf-texlive/tex/latex/amsfonts/umsa.fd
File: umsa.fd 2013/01/14 v3.01 AMS symbols A
)
LaTeX Font Info:    Try loading font information for U+msb on input line 32.

(/opt/local/share/texmf-texlive/tex/latex/amsfonts/umsb.fd
File: umsb.fd 2013/01/14 v3.01 AMS symbols B
)
LaTeX Font Info:    Try loading font information for T1+cmtt on input line 32.

(/opt/local/share/texmf-texlive/tex/latex/base/t1cmtt.fd
File: t1cmtt.fd 1999/05/25 v2.5h Standard LaTeX font definitions
)
Overfull \hbox (4.07135pt too wide) in paragraph at lines 32--32
\T1/cmtt/m/n/10.95 http://wiki.creationmonetaire.info/index.php?title=File:LaTe
xTRM.zip
 []

[1
Non-PDF special ignored!

{/opt/local/var/db/texmf/fonts/map/pdftex/updmap/pdftex.map}] (./LateXTRM-en.to
c)
\tf@toc=\write4
\openout4 = `LateXTRM-en.toc'.

 [2] [3] [4] [5] [6]
PGFPlots: reading {Quantitatif.txt}

NOTE: coordinate (0,0) has been dropped because it is unbounded (in y). (see al
so unbounded coords=jump). 

Overfull \hbox (66.17554pt too wide) in paragraph at lines 265--266
[][] 
 []

[7]
PGFPlots: reading {Relatif.txt}

Overfull \hbox (78.01923pt too wide) in paragraph at lines 299--300
[][] 
 []

[8]
PGFPlots: reading {Relatif_160ans.txt}

Overfull \hbox (76.35947pt too wide) in paragraph at lines 348--349
[][] 
 []

[9]
PGFPlots: reading {3Asymetriques.txt}
PGFPlots: reading {3Asymetriques.txt}
PGFPlots: reading {3Asymetriques.txt}

Overfull \hbox (63.82628pt too wide) in paragraph at lines 396--397
[][] 
 []

[10] [11]
Overfull \hbox (9.3375pt too wide) in paragraph at lines 431--433
\T1/cmr/m/n/12 Let's study here the vari-a-tion of a mon-e-tary ac-count for a 
pseudo-autonomous
 []

[12] [13] [14] [15] (./LateXTRM-en.aux) ) 
Here is how much of TeX's memory you used:
 24300 strings out of 494195
 581193 string characters out of 6156902
 801783 words of memory out of 5000000
 27146 multiletter control sequences out of 15000+600000
 21135 words of font info for 63 fonts, out of 8000000 for 9000
 430 hyphenation exceptions out of 8191
 57i,17n,103p,820b,2130s stack positions out of 5000i,500n,10000p,200000b,80000s
{/opt/local/share/texmf-texlive/fonts/
enc/dvips/cm-super/cm-super-t1.enc}</opt/local/share/texmf-texlive/fonts/type1/
public/amsfonts/cm/cmex10.pfb></opt/local/share/texmf-texlive/fonts/type1/publi
c/amsfonts/cm/cmmi12.pfb></opt/local/share/texmf-texlive/fonts/type1/public/ams
fonts/cm/cmmi6.pfb></opt/local/share/texmf-texlive/fonts/type1/public/amsfonts/
cm/cmmi8.pfb></opt/local/share/texmf-texlive/fonts/type1/public/amsfonts/cm/cmr
12.pfb></opt/local/share/texmf-texlive/fonts/type1/public/amsfonts/cm/cmr17.pfb
></opt/local/share/texmf-texlive/fonts/type1/public/amsfonts/cm/cmr6.pfb></opt/
local/share/texmf-texlive/fonts/type1/public/amsfonts/cm/cmr8.pfb></opt/local/s
hare/texmf-texlive/fonts/type1/public/amsfonts/cm/cmsy10.pfb></opt/local/share/
texmf-texlive/fonts/type1/public/amsfonts/cm/cmsy7.pfb></opt/local/share/texmf-
texlive/fonts/type1/public/amsfonts/cm/cmsy8.pfb></opt/local/share/texmf-texliv
e/fonts/type1/public/cm-super/sfbx1200.pfb></opt/local/share/texmf-texlive/font
s/type1/public/cm-super/sfbx1728.pfb></opt/local/share/texmf-texlive/fonts/type
1/public/cm-super/sfrm1095.pfb></opt/local/share/texmf-texlive/fonts/type1/publ
ic/cm-super/sfrm1200.pfb></opt/local/share/texmf-texlive/fonts/type1/public/cm-
super/sfrm1440.pfb></opt/local/share/texmf-texlive/fonts/type1/public/cm-super/
sfrm2074.pfb></opt/local/share/texmf-texlive/fonts/type1/public/cm-super/sfsl12
00.pfb></opt/local/share/texmf-texlive/fonts/type1/public/cm-super/sftt1095.pfb
>
Output written on LateXTRM-en.pdf (15 pages, 307261 bytes).
PDF statistics:
 133 PDF objects out of 1000 (max. 8388607)
 96 compressed objects within 1 object stream
 0 named destinations out of 1000 (max. 500000)
 13 words of extra memory for PDF output out of 10000 (max. 10000000)

